Steny	Garcia-Montes	C00361466	E100	Sgt.
George	Baixauli	C02035835	E101	Ofc.
Nathaniel	Pratt	C03390833	E102	Ofc.
Obed	Somarriba	C01321240	E103	Ofc.
Alina	Esteves	C00031019	E200	Sgt.
Thomas	Braga	C09960859	E201	Ofc.
John	Tighe	C04213121	E202	Ofc.
Adrian	Gonzalez	C09943704	E203	Ofc.
Benjamin	Hedrick	C00553238	E300	Sgt.
Marc	Werbin	C00472596	E301	Ofc.
Juan	Cuerdo	C00130981	E302	Ofc.
Manuel	Medina	C00136365	E303	Ofc.
Wilbur	Foster	C02513884	E304	Ofc.
Tamara	Morris	C00402640	E400	Sgt.
Richard	Naue	C03405837	E401	Ofc.
Carlos	Castillo	C00534816	E304	Ofc.
Delance	McCoy	C07450683	E403	Ofc.
Lizardo	Bueno	C08173647	E404	Ofc.
Jose	Capablanca	C06932945	E801	Ofc.
Fernando	Acosta	C10569146	E802	Ofc.
Carlos	Ortega	C09931427	E803	Ofc.
