05:00	06:00	V	10/9/2011	N/A		False
07:00	15:00	T	2/15/2012	N/A	AWD Medley Range 0700-1500	False
18:00	06:00	!	2/15/2012	N/A	N/A	False
18:00	06:00	!	2/14/2012	N/A	N/A	False
06:00	14:00	P	2/16/2012	N/A	N/A	False
18:00	06:00	!	2/1/2012	N/A	N/A	False
08:00	17:00	T	2/1/2012	N/A	Dealing with difficult people MPD 0800-1700	False
08:00	17:00	T	2/2/2012	N/A	Dealing with Difficult people MPD 0800-1700	False
18:00	06:00	V	2/12/2012	N/A	N/A	False
10:00	18:00	O	1/21/2012	N/A	N/A	False
18:00	06:00	V	1/29/2012	N/A	N/A	False
18:00	06:00	!	1/30/2012	N/A	N/A	False
20:00	22:00	Z	1/22/2012	N/A	CRO 2000-2200 Alpha Epsilon Pi 	False
22:00	04:00	P	1/22/2012	N/A	N/A	False
04:00	06:00	!	1/22/2012	N/A	N/A	False
06:00	06:00	!	1/31/2012	N/A	N/A	False
24:00	06:00	!	1/25/2012	N/A	N/A	False
22:00	06:00	V	3/4/2012	N/A	N/A	False
18:00	06:00	!	3/28/2012	N/A	N/A	False
07:00	15:00	T	3/28/2012	N/A	Rifle Qualification Medley Range	False
18:00	06:00	!	3/27/2012	N/A	N/A	False
06:00	17:00	P	3/29/2012	N/A	N/A	False
17:00	18:00	T	3/29/2012	N/A	Intoxicated Student Training RHO conference room 1700-1800	False
