18:00	24:00	P	1/1/2012	N/A		False
14:00	22:00	P	1/9/2012	N/A		False
18:00	24:00	!	1/10/2012	N/A		False
08:00	16:00	T	1/10/2012	N/A	CGPD Instructor Training 0800-1600	False
14:00	24:00	P	1/11/2012	N/A		False
18:00	02:00	!	2/22/2012	N/A	N/A	False
07:00	15:00	T	2/22/2012	N/A	AWD Instructor 0700-1500	False
18:00	06:00	!	2/21/2012	N/A	N/A	False
06:00	18:00	P	2/23/2012	N/A	N/A	False
12:00	20:00	P	2/1/2012	N/A	N/A	False
08:00	12:00	Z	2/1/2012	N/A	Compstat	False
20:00	06:00	!	2/1/2012	N/A	N/A	False
18:00	02:00	V	2/5/2012	N/A	N/A	False
02:00	06:00	P	1/29/2012	N/A	N/A	False
18:00	22:00	P	1/30/2012	N/A	N/A	False
22:00	06:00	!	1/30/2012	N/A	N/A	False
22:00	06:00	!	1/31/2012	N/A	N/A	False
14:00	22:00	P	1/31/2012	N/A	N/A	False
18:00	06:00	P	1/24/2012	N/A	N/A	False
14:00	18:00	!	1/24/2012	N/A	N/A	False
18:00	02:00	P	1/25/2012	N/A	N/A	False
06:00	18:00	!	1/25/2012	N/A	N/A	False
18:00	22:00	Z	2/13/2012	N/A	RAD	False
18:00	22:00	Z	2/15/2012	N/A	RAD	False
18:00	22:00	Z	2/8/2012	N/A	RAD	False
18:00	02:00	!	3/14/2012	N/A	N/A	False
07:00	15:00	T	3/14/2012	N/A	Rifle Qualifications Medley Range	False
18:00	06:00	!	3/13/2012	N/A	N/A	False
06:00	18:00	P	3/15/2012	N/A	N/A	False
18:00	22:00	Z	3/21/2012	N/A	RAD	False
18:00	22:00	Z	3/26/2012	N/A	RAD	False
18:00	22:00	Z	3/28/2012	N/A	RAD	False
17:00	18:00	T	3/28/2012	N/A	Intoxicated Student Training RHO conference room 1700-1800	False
01:00	06:00	!	3/28/2012	N/A	N/A	False
